<?xml version="1.0" encoding="UTF-8"?><testsuite errors="0" failures="1" name="testcases.BookingHotelTest" skipped="0" tests="1" time="41.57" timestamp="2021-01-22 11:48:10"><testcase classname="testcases.BookingHotelTest" name="To Book a hotel using the Bookings.com website"><failure message="Expected enabled element was not enabled" type="net.thucydides.core.webdriver.exceptions.ElementShouldBeEnabledException">Expected enabled element was not enabled</failure><system-err>Expected enabled element was not enabled&#13;
pages.BookingPage.searchWithLocation(BookingPage.java:13)&#13;
steps.BookingHotelSteps.selectLocationAs(BookingHotelSteps.java:17)&#13;
testcases.BookingHotelTest.hotelBookingTest1(BookingHotelTest.java:30)&#13;
org.eclipse.jdt.internal.junit4.runner.JUnit4TestReference.run(JUnit4TestReference.java:89)&#13;
org.eclipse.jdt.internal.junit.runner.TestExecution.run(TestExecution.java:41)&#13;
org.eclipse.jdt.internal.junit.runner.RemoteTestRunner.runTests(RemoteTestRunner.java:542)&#13;
org.eclipse.jdt.internal.junit.runner.RemoteTestRunner.runTests(RemoteTestRunner.java:770)&#13;
org.eclipse.jdt.internal.junit.runner.RemoteTestRunner.run(RemoteTestRunner.java:464)&#13;
org.eclipse.jdt.internal.junit.runner.RemoteTestRunner.main(RemoteTestRunner.java:210)&#13;
</system-err></testcase></testsuite>