<?xml version="1.0" encoding="UTF-8"?><testsuite errors="0" failures="0" name="testcases.OyoHomePageTest" skipped="0" tests="4" time="98.71" timestamp="2021-01-22 07:26:52"><testcase classname="testcases.OyoHomePageTest" name="To check that the user is able to check the hotels for Gurgoan location"/><testcase classname="testcases.OyoHomePageTest" name="To check that the user is able to check the hotels for Delhi location"/><testcase classname="testcases.OyoHomePageTest" name="To check that the user is able to check the hotels for Mumbai location"/><testcase classname="testcases.OyoHomePageTest" name="To check that the user is able to check the hotels for bengaluru location"/></testsuite>